# JRE version: Java(TM) SE Runtime Environment (8.0_73-b02) (build 1.8.0_73-b02)
# Java VM: Java HotSpot(TM) 64-Bit Server VM (25.73-b02 mixed mode windows-amd64 compressed oops)
Heap:
 PSYoungGen      total 66048K, used 6116K [0x00000000d5b80000, 0x00000000dd780000, 0x0000000100000000)
  eden space 60928K, 1% used [0x00000000d5b80000,0x00000000d5c7db88,0x00000000d9700000)
  from space 5120K, 99% used [0x00000000da180000,0x00000000da67b528,0x00000000da680000)
  to   space 10752K, 0% used [0x00000000d9700000,0x00000000d9700000,0x00000000da180000)
 ParOldGen       total 61440K, used 9461K [0x0000000081200000, 0x0000000084e00000, 0x00000000d5b80000)
  object space 61440K, 15% used [0x0000000081200000,0x0000000081b3d658,0x0000000084e00000)
 Metaspace       used 21354K, capacity 21700K, committed 21888K, reserved 1069056K
  class space    used 2750K, capacity 2851K, committed 2944K, reserved 1048576K
GC Heap History (10 events):
Event: 3.884 GC heap before
{Heap before GC invocations=3 (full 0):
 PSYoungGen      total 38400K, used 38368K [0x00000000d5b80000, 0x00000000d8600000, 0x0000000100000000)
  eden space 33280K, 99% used [0x00000000d5b80000,0x00000000d7bfb7b0,0x00000000d7c00000)
  from space 5120K, 99% used [0x00000000d8100000,0x00000000d85fcb28,0x00000000d8600000)
  to   space 5120K, 0% used [0x00000000d7c00000,0x00000000d7c00000,0x00000000d8100000)
 ParOldGen       total 87552K, used 659K [0x0000000081200000, 0x0000000086780000, 0x00000000d5b80000)
  object space 87552K, 0% used [0x0000000081200000,0x00000000812a4d90,0x0000000086780000)
 Metaspace       used 16986K, capacity 17304K, committed 17408K, reserved 1064960K
  class space    used 2201K, capacity 2258K, committed 2304K, reserved 1048576K
Event: 3.895 GC heap after
Heap after GC invocations=3 (full 0):
 PSYoungGen      total 38400K, used 5092K [0x00000000d5b80000, 0x00000000da680000, 0x0000000100000000)
  eden space 33280K, 0% used [0x00000000d5b80000,0x00000000d5b80000,0x00000000d7c00000)
  from space 5120K, 99% used [0x00000000d7c00000,0x00000000d80f9140,0x00000000d8100000)
  to   space 5120K, 0% used [0x00000000da180000,0x00000000da180000,0x00000000da680000)
 ParOldGen       total 87552K, used 5691K [0x0000000081200000, 0x0000000086780000, 0x00000000d5b80000)
  object space 87552K, 6% used [0x0000000081200000,0x000000008178ef10,0x0000000086780000)
 Metaspace       used 16986K, capacity 17304K, committed 17408K, reserved 1064960K
  class space    used 2201K, capacity 2258K, committed 2304K, reserved 1048576K
}
Event: 4.512 GC heap before
{Heap before GC invocations=4 (full 0):
 PSYoungGen      total 38400K, used 38372K [0x00000000d5b80000, 0x00000000da680000, 0x0000000100000000)
  eden space 33280K, 100% used [0x00000000d5b80000,0x00000000d7c00000,0x00000000d7c00000)
  from space 5120K, 99% used [0x00000000d7c00000,0x00000000d80f9140,0x00000000d8100000)
  to   space 5120K, 0% used [0x00000000da180000,0x00000000da180000,0x00000000da680000)
 ParOldGen       total 87552K, used 5691K [0x0000000081200000, 0x0000000086780000, 0x00000000d5b80000)
  object space 87552K, 6% used [0x0000000081200000,0x000000008178ef10,0x0000000086780000)
 Metaspace       used 20547K, capacity 20858K, committed 20992K, reserved 1067008K
  class space    used 2661K, capacity 2748K, committed 2816K, reserved 1048576K
Event: 4.522 GC heap after
Heap after GC invocations=4 (full 0):
 PSYoungGen      total 71680K, used 5092K [0x00000000d5b80000, 0x00000000da680000, 0x0000000100000000)
  eden space 66560K, 0% used [0x00000000d5b80000,0x00000000d5b80000,0x00000000d9c80000)
  from space 5120K, 99% used [0x00000000da180000,0x00000000da6793d8,0x00000000da680000)
  to   space 5120K, 0% used [0x00000000d9c80000,0x00000000d9c80000,0x00000000da180000)
 ParOldGen       total 87552K, used 9341K [0x0000000081200000, 0x0000000086780000, 0x00000000d5b80000)
  object space 87552K, 10% used [0x0000000081200000,0x0000000081b1f4f8,0x0000000086780000)
 Metaspace       used 20547K, capacity 20858K, committed 20992K, reserved 1067008K
  class space    used 2661K, capacity 2748K, committed 2816K, reserved 1048576K
}
Event: 4.784 GC heap before
{Heap before GC invocations=5 (full 0):
 PSYoungGen      total 71680K, used 27023K [0x00000000d5b80000, 0x00000000da680000, 0x0000000100000000)
  eden space 66560K, 32% used [0x00000000d5b80000,0x00000000d70ea8e8,0x00000000d9c80000)
  from space 5120K, 99% used [0x00000000da180000,0x00000000da6793d8,0x00000000da680000)
  to   space 5120K, 0% used [0x00000000d9c80000,0x00000000d9c80000,0x00000000da180000)
 ParOldGen       total 87552K, used 9341K [0x0000000081200000, 0x0000000086780000, 0x00000000d5b80000)
  object space 87552K, 10% used [0x0000000081200000,0x0000000081b1f4f8,0x0000000086780000)
 Metaspace       used 20821K, capacity 21170K, committed 21248K, reserved 1067008K
  class space    used 2684K, capacity 2784K, committed 2816K, reserved 1048576K
Event: 4.797 GC heap after
Heap after GC invocations=5 (full 0):
 PSYoungGen      total 71680K, used 5094K [0x00000000d5b80000, 0x00000000da680000, 0x0000000100000000)
  eden space 66560K, 0% used [0x00000000d5b80000,0x00000000d5b80000,0x00000000d9c80000)
  from space 5120K, 99% used [0x00000000d9c80000,0x00000000da179bf8,0x00000000da180000)
  to   space 5120K, 0% used [0x00000000da180000,0x00000000da180000,0x00000000da680000)
 ParOldGen       total 87552K, used 10672K [0x0000000081200000, 0x0000000086780000, 0x00000000d5b80000)
  object space 87552K, 12% used [0x0000000081200000,0x0000000081c6c3d0,0x0000000086780000)
 Metaspace       used 20821K, capacity 21170K, committed 21248K, reserved 1067008K
  class space    used 2684K, capacity 2784K, committed 2816K, reserved 1048576K
}
Event: 4.797 GC heap before
{Heap before GC invocations=6 (full 1):
 PSYoungGen      total 71680K, used 5094K [0x00000000d5b80000, 0x00000000da680000, 0x0000000100000000)
  eden space 66560K, 0% used [0x00000000d5b80000,0x00000000d5b80000,0x00000000d9c80000)
  from space 5120K, 99% used [0x00000000d9c80000,0x00000000da179bf8,0x00000000da180000)
  to   space 5120K, 0% used [0x00000000da180000,0x00000000da180000,0x00000000da680000)
 ParOldGen       total 87552K, used 10672K [0x0000000081200000, 0x0000000086780000, 0x00000000d5b80000)
  object space 87552K, 12% used [0x0000000081200000,0x0000000081c6c3d0,0x0000000086780000)
 Metaspace       used 20821K, capacity 21170K, committed 21248K, reserved 1067008K
  class space    used 2684K, capacity 2784K, committed 2816K, reserved 1048576K
Event: 4.859 GC heap after
Heap after GC invocations=6 (full 1):
 PSYoungGen      total 71680K, used 0K [0x00000000d5b80000, 0x00000000da680000, 0x0000000100000000)
  eden space 66560K, 0% used [0x00000000d5b80000,0x00000000d5b80000,0x00000000d9c80000)
  from space 5120K, 0% used [0x00000000d9c80000,0x00000000d9c80000,0x00000000da180000)
  to   space 5120K, 0% used [0x00000000da180000,0x00000000da180000,0x00000000da680000)
 ParOldGen       total 61440K, used 9407K [0x0000000081200000, 0x0000000084e00000, 0x00000000d5b80000)
  object space 61440K, 15% used [0x0000000081200000,0x0000000081b2fcb8,0x0000000084e00000)
 Metaspace       used 20821K, capacity 21170K, committed 21248K, reserved 1067008K
  class space    used 2684K, capacity 2784K, committed 2816K, reserved 1048576K
}
Event: 5.730 GC heap before
{Heap before GC invocations=7 (full 1):
 PSYoungGen      total 71680K, used 66560K [0x00000000d5b80000, 0x00000000da680000, 0x0000000100000000)
  eden space 66560K, 100% used [0x00000000d5b80000,0x00000000d9c80000,0x00000000d9c80000)
  from space 5120K, 0% used [0x00000000d9c80000,0x00000000d9c80000,0x00000000da180000)
  to   space 5120K, 0% used [0x00000000da180000,0x00000000da180000,0x00000000da680000)
 ParOldGen       total 61440K, used 9407K [0x0000000081200000, 0x0000000084e00000, 0x00000000d5b80000)
  object space 61440K, 15% used [0x0000000081200000,0x0000000081b2fcb8,0x0000000084e00000)
 Metaspace       used 21352K, capacity 21700K, committed 21888K, reserved 1069056K
  class space    used 2749K, capacity 2851K, committed 2944K, reserved 1048576K
Event: 5.741 GC heap after
Heap after GC invocations=7 (full 1):
 PSYoungGen      total 66048K, used 5101K [0x00000000d5b80000, 0x00000000dd780000, 0x0000000100000000)
  eden space 60928K, 0% used [0x00000000d5b80000,0x00000000d5b80000,0x00000000d9700000)
  from space 5120K, 99% used [0x00000000da180000,0x00000000da67b528,0x00000000da680000)
  to   space 10752K, 0% used [0x00000000d9700000,0x00000000d9700000,0x00000000da180000)
 ParOldGen       total 61440K, used 9461K [0x0000000081200000, 0x0000000084e00000, 0x00000000d5b80000)
  object space 61440K, 15% used [0x0000000081200000,0x0000000081b3d658,0x0000000084e00000)
 Metaspace       used 21352K, capacity 21700K, committed 21888K, reserved 1069056K
  class space    used 2749K, capacity 2851K, committed 2944K, reserved 1048576K
}

